#
# There is insufficient memory for the Java Runtime Environment to continue.
# Native memory allocation (malloc) failed to allocate 1048576 bytes. Error detail: AllocateHeap
# Possible reasons:
#   The system is out of physical RAM or swap space
#   This process is running with CompressedOops enabled, and the Java Heap may be blocking the growth of the native heap
# Possible solutions:
#   Reduce memory load on the system
#   Increase physical memory or swap space
#   Check if swap backing store is full
#   Decrease Java heap size (-Xmx/-Xms)
#   Decrease number of Java threads
#   Decrease Java thread stack sizes (-Xss)
#   Set larger code cache with -XX:ReservedCodeCacheSize=
#   JVM is running with Unscaled Compressed Oops mode in which the Java heap is
#     placed in the first 4GB address space. The Java Heap base address is the
#     maximum limit for the native heap growth. Please use -XX:HeapBaseMinAddress
#     to set the Java Heap base and to place the Java Heap above 4GB virtual address.
# This output file may be truncated or incomplete.
#
#  Out of Memory Error (allocation.cpp:44), pid=17216, tid=18748
#
# JRE version: OpenJDK Runtime Environment Temurin-21.0.10+7 (21.0.10+7) (build 21.0.10+7-LTS)
# Java VM: OpenJDK 64-Bit Server VM Temurin-21.0.10+7 (21.0.10+7-LTS, mixed mode, sharing, tiered, compressed oops, compressed class ptrs, parallel gc, windows-amd64)
# No core dump will be written. Minidumps are not enabled by default on client versions of Windows
#

---------------  S U M M A R Y ------------

Command Line: --add-modules=ALL-SYSTEM --add-opens=java.base/java.util=ALL-UNNAMED --add-opens=java.base/java.lang=ALL-UNNAMED --add-opens=java.base/sun.nio.fs=ALL-UNNAMED -Declipse.application=org.eclipse.jdt.ls.core.id1 -Dosgi.bundles.defaultStartLevel=4 -Declipse.product=org.eclipse.jdt.ls.core.product -Djava.import.generatesMetadataFilesAtProjectRoot=false -DDetectVMInstallationsJob.disabled=true -Dfile.encoding=utf8 -XX:+UseParallelGC -XX:GCTimeRatio=4 -XX:AdaptiveSizePolicyWeight=90 -Dsun.zip.disableMemoryMapping=true -Xmx2G -Xms100m -Xlog:disable -javaagent:c:\Users\marco\.vscode\extensions\redhat.java-1.54.0-win32-x64\lombok\lombok-1.18.39-4050.jar -XX:+HeapDumpOnOutOfMemoryError -XX:HeapDumpPath=c:\Users\marco\AppData\Roaming\Code\User\workspaceStorage\f6402e9e255f1aea7954b7ac56db3704\redhat.java -Daether.dependencyCollector.impl=bf c:\Users\marco\.vscode\extensions\redhat.java-1.54.0-win32-x64\server\plugins\org.eclipse.equinox.launcher_1.7.100.v20251111-0406.jar -configuration c:\Users\marco\AppData\Roaming\Code\User\globalStorage\redhat.java\1.54.0\config_win -data c:\Users\marco\AppData\Roaming\Code\User\workspaceStorage\f6402e9e255f1aea7954b7ac56db3704\redhat.java\jdt_ws --pipe=\\.\pipe\lsp-954be0ed316fb6e343bb02d686de5e52-sock

Host: AMD Ryzen 5 3500U with Radeon Vega Mobile Gfx  , 8 cores, 5G,  Windows 11 , 64 bit Build 26100 (10.0.26100.8246)
Time: Sun May 10 15:35:40 2026 Hora est. Sudam廨ica Pac璗ico elapsed time: 12380.187880 seconds (0d 3h 26m 20s)

---------------  T H R E A D  ---------------

Current thread (0x0000015ba487d3d0):  JavaThread "Attach Listener" daemon [_thread_in_vm, id=18748, stack(0x0000004ceda00000,0x0000004cedb00000) (1024K)]

Stack: [0x0000004ceda00000,0x0000004cedb00000]
Native frames: (J=compiled Java code, j=interpreted, Vv=VM code, C=native code)
V  [jvm.dll+0x6d7a39]
V  [jvm.dll+0x8b4b26]
V  [jvm.dll+0x8b70de]
V  [jvm.dll+0x8b77c3]
V  [jvm.dll+0x284346]
V  [jvm.dll+0xc1277]
V  [jvm.dll+0x6d82e9]
V  [jvm.dll+0x1334a6]
V  [jvm.dll+0x3f857e]
V  [jvm.dll+0x85f59d]
V  [jvm.dll+0x6d626d]
C  [ucrtbase.dll+0x37b0]
C  [KERNEL32.DLL+0x2e8d7]
C  [ntdll.dll+0x8c3fc]


---------------  P R O C E S S  ---------------

Threads class SMR info:
_java_thread_list=0x0000015bed83b160, length=48, elements={
0x0000015b8bc8aeb0, 0x0000015b8c2ab8c0, 0x0000015b8c2ae5b0, 0x0000015ba487a9d0,
0x0000015ba487d3d0, 0x0000015ba4880810, 0x0000015ba4883c50, 0x0000015ba4891590,
0x0000015be7350090, 0x0000015be7527d10, 0x0000015be75ae9b0, 0x0000015bec19f1f0,
0x0000015be7d37290, 0x0000015be74e17f0, 0x0000015be74e5de0, 0x0000015bec8f3610,
0x0000015be75b50b0, 0x0000015bec3cd390, 0x0000015becc06590, 0x0000015becc044c0,
0x0000015becc05f00, 0x0000015bed9fff40, 0x0000015beda01980, 0x0000015bed9feb90,
0x0000015beda00c60, 0x0000015beda012f0, 0x0000015beda02010, 0x0000015beda026a0,
0x0000015bed9ff8b0, 0x0000015bed9ff220, 0x0000015beda033c0, 0x0000015beda005d0,
0x0000015befca2930, 0x0000015befca0ef0, 0x0000015befca5db0, 0x0000015befca6440,
0x0000015be76fc6d0, 0x0000015be76f98e0, 0x0000015bf8f8b5e0, 0x0000015bf8f8a8c0,
0x0000015bf8f8a230, 0x0000015bf8f8dd40, 0x0000015bf8f90b30, 0x0000015bf8f8af50,
0x0000015bf8f89ba0, 0x0000015bf8f8f0f0, 0x0000015bf8f8bc70, 0x0000015bf8f8c300
}

Java Threads: ( => current thread )
  0x0000015b8bc8aeb0 JavaThread "main"                              [_thread_blocked, id=11168, stack(0x0000004ced300000,0x0000004ced400000) (1024K)]
  0x0000015b8c2ab8c0 JavaThread "Reference Handler"          daemon [_thread_blocked, id=17816, stack(0x0000004ced700000,0x0000004ced800000) (1024K)]
  0x0000015b8c2ae5b0 JavaThread "Finalizer"                  daemon [_thread_blocked, id=19088, stack(0x0000004ced800000,0x0000004ced900000) (1024K)]
  0x0000015ba487a9d0 JavaThread "Signal Dispatcher"          daemon [_thread_blocked, id=15460, stack(0x0000004ced900000,0x0000004ceda00000) (1024K)]
=>0x0000015ba487d3d0 JavaThread "Attach Listener"            daemon [_thread_in_vm, id=18748, stack(0x0000004ceda00000,0x0000004cedb00000) (1024K)]
  0x0000015ba4880810 JavaThread "Service Thread"             daemon [_thread_blocked, id=17612, stack(0x0000004cedb00000,0x0000004cedc00000) (1024K)]
  0x0000015ba4883c50 JavaThread "Monitor Deflation Thread"   daemon [_thread_blocked, id=12560, stack(0x0000004cedc00000,0x0000004cedd00000) (1024K)]
  0x0000015ba4891590 JavaThread "C2 CompilerThread0"         daemon [_thread_blocked, id=2556, stack(0x0000004cedd00000,0x0000004cede00000) (1024K)]
  0x0000015be7350090 JavaThread "C1 CompilerThread0"         daemon [_thread_blocked, id=7752, stack(0x0000004cede00000,0x0000004cedf00000) (1024K)]
  0x0000015be7527d10 JavaThread "Common-Cleaner"             daemon [_thread_blocked, id=14304, stack(0x0000004cedf00000,0x0000004cee000000) (1024K)]
  0x0000015be75ae9b0 JavaThread "Notification Thread"        daemon [_thread_blocked, id=19060, stack(0x0000004cee000000,0x0000004cee100000) (1024K)]
  0x0000015bec19f1f0 JavaThread "Active Thread: Equinox Container: 4d784404-39ee-40c6-b0e9-9d901e97b261"        [_thread_blocked, id=18488, stack(0x0000004cee100000,0x0000004cee200000) (1024K)]
  0x0000015be7d37290 JavaThread "Refresh Thread: Equinox Container: 4d784404-39ee-40c6-b0e9-9d901e97b261" daemon [_thread_blocked, id=17132, stack(0x0000004cee900000,0x0000004ceea00000) (1024K)]
  0x0000015be74e17f0 JavaThread "Framework Event Dispatcher: Equinox Container: 4d784404-39ee-40c6-b0e9-9d901e97b261" daemon [_thread_blocked, id=19304, stack(0x0000004ceea00000,0x0000004ceeb00000) (1024K)]
  0x0000015be74e5de0 JavaThread "Start Level: Equinox Container: 4d784404-39ee-40c6-b0e9-9d901e97b261" daemon [_thread_blocked, id=2732, stack(0x0000004ceeb00000,0x0000004ceec00000) (1024K)]
  0x0000015bec8f3610 JavaThread "Bundle File Closer"         daemon [_thread_blocked, id=8300, stack(0x0000004ceee00000,0x0000004ceef00000) (1024K)]
  0x0000015be75b50b0 JavaThread "SCR Component Actor"        daemon [_thread_blocked, id=10560, stack(0x0000004ceec00000,0x0000004ceed00000) (1024K)]
  0x0000015bec3cd390 JavaThread "Worker-JM"                         [_thread_blocked, id=18108, stack(0x0000004cef000000,0x0000004cef100000) (1024K)]
  0x0000015becc06590 JavaThread "JNA Cleaner"                daemon [_thread_blocked, id=16400, stack(0x0000004ceef00000,0x0000004cef000000) (1024K)]
  0x0000015becc044c0 JavaThread "Java indexing"              daemon [_thread_blocked, id=18204, stack(0x0000004cef400000,0x0000004cef500000) (1024K)]
  0x0000015becc05f00 JavaThread "Thread-1"                   daemon [_thread_in_native, id=15668, stack(0x0000004cefa00000,0x0000004cefb00000) (1024K)]
  0x0000015bed9fff40 JavaThread "Thread-2"                   daemon [_thread_in_native, id=17392, stack(0x0000004cefb00000,0x0000004cefc00000) (1024K)]
  0x0000015beda01980 JavaThread "Thread-3"                   daemon [_thread_in_native, id=14676, stack(0x0000004cefc00000,0x0000004cefd00000) (1024K)]
  0x0000015bed9feb90 JavaThread "Thread-4"                   daemon [_thread_in_native, id=18536, stack(0x0000004cefd00000,0x0000004cefe00000) (1024K)]
  0x0000015beda00c60 JavaThread "Thread-5"                   daemon [_thread_in_native, id=18096, stack(0x0000004cefe00000,0x0000004ceff00000) (1024K)]
  0x0000015beda012f0 JavaThread "Thread-6"                   daemon [_thread_in_native, id=7780, stack(0x0000004ceff00000,0x0000004cf0000000) (1024K)]
  0x0000015beda02010 JavaThread "Thread-7"                   daemon [_thread_in_native, id=11636, stack(0x0000004cf0000000,0x0000004cf0100000) (1024K)]
  0x0000015beda026a0 JavaThread "Thread-8"                   daemon [_thread_in_native, id=3300, stack(0x0000004cf0100000,0x0000004cf0200000) (1024K)]
  0x0000015bed9ff8b0 JavaThread "Thread-9"                   daemon [_thread_in_native, id=15544, stack(0x0000004cf0200000,0x0000004cf0300000) (1024K)]
  0x0000015bed9ff220 JavaThread "pool-2-thread-1"                   [_thread_blocked, id=16656, stack(0x0000004cf0300000,0x0000004cf0400000) (1024K)]
  0x0000015beda033c0 JavaThread "WorkspaceEventsHandler"            [_thread_blocked, id=14732, stack(0x0000004cf0400000,0x0000004cf0500000) (1024K)]
  0x0000015beda005d0 JavaThread "pool-1-thread-1"                   [_thread_blocked, id=18128, stack(0x0000004cf0500000,0x0000004cf0600000) (1024K)]
  0x0000015befca2930 JavaThread "Cleaner-0"                  daemon [_thread_blocked, id=16932, stack(0x0000004cf0e00000,0x0000004cf0f00000) (1024K)]
  0x0000015befca0ef0 JavaThread "Java Debug Server"          daemon [_thread_in_native, id=19268, stack(0x0000004ceed00000,0x0000004ceee00000) (1024K)]
  0x0000015befca5db0 JavaThread "RxSchedulerPurge-1"         daemon [_thread_blocked, id=18220, stack(0x0000004cf0700000,0x0000004cf0800000) (1024K)]
  0x0000015befca6440 JavaThread "RxCachedWorkerPoolEvictor-1" daemon [_thread_blocked, id=3752, stack(0x0000004cf0800000,0x0000004cf0900000) (1024K)]
  0x0000015be76fc6d0 JavaThread "pool-5-thread-5"                   [_thread_in_native, id=19220, stack(0x0000004cef300000,0x0000004cef400000) (1024K)]
  0x0000015be76f98e0 JavaThread "process reaper (pid 16124)" daemon [_thread_in_native, id=21744, stack(0x0000004cecd70000,0x0000004cecd90000) (128K)]
  0x0000015bf8f8b5e0 JavaThread "RxNewThreadScheduler-35"    daemon [_thread_blocked, id=2348, stack(0x0000004cef800000,0x0000004cef900000) (1024K)]
  0x0000015bf8f8a8c0 JavaThread "ForkJoinPool.commonPool-worker-100" daemon [_thread_blocked, id=21316, stack(0x0000004cf0600000,0x0000004cf0700000) (1024K)]
  0x0000015bf8f8a230 JavaThread "ForkJoinPool.commonPool-worker-102" daemon [_thread_blocked, id=23368, stack(0x0000004cef500000,0x0000004cef600000) (1024K)]
  0x0000015bf8f8dd40 JavaThread "ForkJoinPool.commonPool-worker-103" daemon [_thread_blocked, id=19768, stack(0x0000004cef600000,0x0000004cef700000) (1024K)]
  0x0000015bf8f90b30 JavaThread "Worker-59"                         [_thread_blocked, id=16952, stack(0x0000004cef900000,0x0000004cefa00000) (1024K)]
  0x0000015bf8f8af50 JavaThread "Worker-60"                         [_thread_blocked, id=23820, stack(0x0000004ced000000,0x0000004ced100000) (1024K)]
  0x0000015bf8f89ba0 JavaThread "ForkJoinPool.commonPool-worker-108" daemon [_thread_blocked, id=19880, stack(0x0000004ced100000,0x0000004ced200000) (1024K)]
  0x0000015bf8f8f0f0 JavaThread "ForkJoinPool.commonPool-worker-109" daemon [_thread_blocked, id=3412, stack(0x0000004ced200000,0x0000004ced300000) (1024K)]
  0x0000015bf8f8bc70 JavaThread "ForkJoinPool.commonPool-worker-110" daemon [_thread_blocked, id=18228, stack(0x0000004cef100000,0x0000004cef200000) (1024K)]
  0x0000015bf8f8c300 JavaThread "ForkJoinPool.commonPool-worker-111" daemon [_thread_blocked, id=3760, stack(0x0000004cef200000,0x0000004cef300000) (1024K)]
Total: 48

Other Threads:
  0x0000015b8c291a10 VMThread "VM Thread"                           [id=14736, stack(0x0000004ced600000,0x0000004ced700000) (1024K)]
  0x0000015ba478ba00 WatcherThread "VM Periodic Task Thread"        [id=18504, stack(0x0000004ced500000,0x0000004ced600000) (1024K)]
  0x0000015b8c20ba50 WorkerThread "GC Thread#0"                     [id=19380, stack(0x0000004ced400000,0x0000004ced500000) (1024K)]
  0x0000015be7e35d40 WorkerThread "GC Thread#1"                     [id=15140, stack(0x0000004cee200000,0x0000004cee300000) (1024K)]
  0x0000015be7e36500 WorkerThread "GC Thread#2"                     [id=4092, stack(0x0000004cee300000,0x0000004cee400000) (1024K)]
  0x0000015be7e368b0 WorkerThread "GC Thread#3"                     [id=13080, stack(0x0000004cee400000,0x0000004cee500000) (1024K)]
  0x0000015bec24fae0 WorkerThread "GC Thread#4"                     [id=19280, stack(0x0000004cee500000,0x0000004cee600000) (1024K)]
  0x0000015bec24fe90 WorkerThread "GC Thread#5"                     [id=13520, stack(0x0000004cee600000,0x0000004cee700000) (1024K)]
  0x0000015bec250240 WorkerThread "GC Thread#6"                     [id=16660, stack(0x0000004cee700000,0x0000004cee800000) (1024K)]
  0x0000015be7f00d20 WorkerThread "GC Thread#7"                     [id=2816, stack(0x0000004cee800000,0x0000004cee900000) (1024K)]
Total: 10

Threads with active compile tasks:
Total: 0

VM state: not at safepoint (normal execution)

VM Mutex/Monitor currently owned by a thread: None

Heap address: 0x0000000080000000, size: 2048 MB, Compressed Oops mode: 32-bit

CDS archive(s) mapped at: [0x0000015ba5000000-0x0000015ba5ba0000-0x0000015ba5ba0000), size 12189696, SharedBaseAddress: 0x0000015ba5000000, ArchiveRelocationMode: 1.
Compressed class space mapped at: 0x0000015ba6000000-0x0000015be6000000, reserved size: 1073741824
Narrow klass base: 0x0000015ba5000000, Narrow klass shift: 0, Narrow klass range: 0x100000000

GC Precious Log:
 CardTable entry size: 512
 CPUs: 8 total, 8 available
 Memory: 6057M
 Large Page Support: Disabled
 NUMA Support: Disabled
 Compressed Oops: Enabled (32-bit)
 Alignments: Space 512K, Generation 512K, Heap 2M
 Heap Min Capacity: 100M
 Heap Initial Capacity: 100M
 Heap Max Capacity: 2G
 Pre-touch: Disabled
 Parallel Workers: 8

Heap:
 PSYoungGen      total 3584K, used 1585K [0x00000000d5580000, 0x00000000d5a00000, 0x0000000100000000)
  eden space 3072K, 44% used [0x00000000d5580000,0x00000000d56d47d0,0x00000000d5880000)
  from space 512K, 43% used [0x00000000d5980000,0x00000000d59b8000,0x00000000d5a00000)
  to   space 512K, 0% used [0x00000000d5900000,0x00000000d5900000,0x00000000d5980000)
 ParOldGen       total 1090048K, used 581672K [0x0000000080000000, 0x00000000c2880000, 0x00000000d5580000)
  object space 1090048K, 53% used [0x0000000080000000,0x00000000a380a3c0,0x00000000c2880000)
 Metaspace       used 91099K, committed 92992K, reserved 1179648K
  class space    used 9111K, committed 10048K, reserved 1048576K

Card table byte_map: [0x0000015b9fbf0000,0x0000015ba0000000] _byte_map_base: 0x0000015b9f7f0000

Marking Bits: (ParMarkBitMap*) 0x00007fff0a4b3450
 Begin Bits: [0x0000015ba02b0000, 0x0000015ba22b0000)
 End Bits:   [0x0000015ba22b0000, 0x0000015ba42b0000)

Polling page: 0x0000015b8bf80000

Metaspace:

Usage:
  Non-class:     80.07 MB used.
      Class:      8.90 MB used.
       Both:     88.96 MB used.

Virtual space:
  Non-class space:      128.00 MB reserved,      81.00 MB ( 63%) committed,  2 nodes.
      Class space:        1.00 GB reserved,       9.81 MB ( <1%) committed,  1 nodes.
             Both:        1.12 GB reserved,      90.81 MB (  8%) committed. 

Chunk freelists:
   Non-Class:  14.52 MB
       Class:  6.37 MB
        Both:  20.89 MB

MaxMetaspaceSize: unlimited
CompressedClassSpaceSize: 1.00 GB
Initial GC threshold: 21.00 MB
Current GC threshold: 149.38 MB
CDS: on
 - commit_granule_bytes: 65536.
 - commit_granule_words: 8192.
 - virtual_space_node_default_size: 8388608.
 - enlarge_chunks_in_place: 1.
 - use_allocation_guard: 0.


Internal statistics:

num_allocs_failed_limit: 9.
num_arena_births: 1956.
num_arena_deaths: 464.
num_vsnodes_births: 3.
num_vsnodes_deaths: 0.
num_space_committed: 1453.
num_space_uncommitted: 0.
num_chunks_returned_to_freelist: 547.
num_chunks_taken_from_freelist: 6868.
num_chunk_merges: 152.
num_chunk_splits: 3945.
num_chunks_enlarged: 2103.
num_inconsistent_stats: 0.

CodeHeap 'non-profiled nmethods': size=120000Kb used=24244Kb max_used=24244Kb free=95755Kb
 bounds [0x0000015b984e0000, 0x0000015b99c90000, 0x0000015b9fa10000]
CodeHeap 'profiled nmethods': size=120000Kb used=50011Kb max_used=51546Kb free=69989Kb
 bounds [0x0000015b90a10000, 0x0000015b93c70000, 0x0000015b97f40000]
CodeHeap 'non-nmethods': size=5760Kb used=1508Kb max_used=1583Kb free=4251Kb
 bounds [0x0000015b97f40000, 0x0000015b981b0000, 0x0000015b984e0000]
CodeCache: size=245760Kb, used=75763Kb, max_used=77373Kb, free=169995Kb
 total_blobs=21097, nmethods=20268, adapters=730, full_count=0
Compilation: enabled, stopped_count=0, restarted_count=0

Compilation events (20 events):
Event: 12266.108 Thread 0x0000015be7350090 nmethod 24464 0x0000015b91f19990 code [0x0000015b91f19d00, 0x0000015b91f1b2f0]
Event: 12266.108 Thread 0x0000015be7350090 24465       3       org.eclipse.core.internal.resources.Marker::isSubtypeOf (16 bytes)
Event: 12266.122 Thread 0x0000015be7350090 nmethod 24465 0x0000015b90ff5b90 code [0x0000015b90ff5dc0, 0x0000015b90ff64b0]
Event: 12266.122 Thread 0x0000015be7350090 24466       3       org.eclipse.core.internal.resources.MarkerManager::isSubtype (10 bytes)
Event: 12266.123 Thread 0x0000015be7350090 nmethod 24466 0x0000015b91f19590 code [0x0000015b91f19740, 0x0000015b91f198a0]
Event: 12266.251 Thread 0x0000015ba4891590 nmethod 24457 0x0000015b99c81910 code [0x0000015b99c82200, 0x0000015b99c87790]
Event: 12266.254 Thread 0x0000015ba4891590 24458       4       org.eclipse.jdt.internal.compiler.flow.FlowContext::mergeFinallyNullInfo (50 bytes)
Event: 12266.265 Thread 0x0000015ba4891590 nmethod 24458 0x0000015b99c8b810 code [0x0000015b99c8b9e0, 0x0000015b99c8bc20]
Event: 12266.433 Thread 0x0000015be7350090 24467       3       org.eclipse.jdt.ls.core.internal.text.correction.RefactorProposalUtility::getIntroduceParameterRefactoringProposals (444 bytes)
Event: 12266.552 Thread 0x0000015be7350090 nmethod 24467 0x0000015b92e0bd10 code [0x0000015b92e0c420, 0x0000015b92e105b8]
Event: 12269.403 Thread 0x0000015ba4891590 24469       4       java.lang.invoke.LambdaForm$DMH/0x0000015ba6710400::newInvokeSpecial (27 bytes)
Event: 12269.410 Thread 0x0000015ba4891590 nmethod 24469 0x0000015b99c8be10 code [0x0000015b99c8bfa0, 0x0000015b99c8c078]
Event: 12269.612 Thread 0x0000015be7350090 24470       3       org.eclipse.jdt.internal.ui.text.correction.proposals.FixCorrectionProposalCore::<init> (41 bytes)
Event: 12269.613 Thread 0x0000015ba4891590 24471       4       org.eclipse.jdt.internal.corext.dom.GenericVisitor::visit (6 bytes)
Event: 12269.615 Thread 0x0000015ba4891590 nmethod 24471 0x0000015b99c8c190 code [0x0000015b99c8c320, 0x0000015b99c8c3d0]
Event: 12269.615 Thread 0x0000015ba4891590 24472       4       org.eclipse.jdt.core.dom.ASTNode::setProperty (215 bytes)
Event: 12269.616 Thread 0x0000015be7350090 nmethod 24470 0x0000015b90b9c010 code [0x0000015b90b9c1e0, 0x0000015b90b9c628]
Event: 12269.638 Thread 0x0000015ba4891590 nmethod 24472 0x0000015b99c8c490 code [0x0000015b99c8c680, 0x0000015b99c8cb08]
Event: 12325.489 Thread 0x0000015ba4891590 24473       4       org.eclipse.jdt.internal.corext.util.JdtFlags::isInterfaceOrAnnotation (40 bytes)
Event: 12325.749 Thread 0x0000015ba4891590 nmethod 24473 0x0000015b99c8ce10 code [0x0000015b99c8cfa0, 0x0000015b99c8d070]

GC Heap History (20 events):
Event: 12265.315 GC heap before
{Heap before GC invocations=2358 (full 5):
 PSYoungGen      total 3584K, used 3391K [0x00000000d5580000, 0x00000000d5a80000, 0x0000000100000000)
  eden space 3072K, 99% used [0x00000000d5580000,0x00000000d587fff0,0x00000000d5880000)
  from space 512K, 62% used [0x00000000d5a00000,0x00000000d5a50000,0x00000000d5a80000)
  to   space 512K, 0% used [0x00000000d5980000,0x00000000d5980000,0x00000000d5a00000)
 ParOldGen       total 1090048K, used 578422K [0x0000000080000000, 0x00000000c2880000, 0x00000000d5580000)
  object space 1090048K, 53% used [0x0000000080000000,0x00000000a34dd860,0x00000000c2880000)
 Metaspace       used 91089K, committed 92992K, reserved 1179648K
  class space    used 9111K, committed 10048K, reserved 1048576K
}
Event: 12265.322 GC heap after
{Heap after GC invocations=2358 (full 5):
 PSYoungGen      total 3584K, used 512K [0x00000000d5580000, 0x00000000d5a80000, 0x0000000100000000)
  eden space 3072K, 0% used [0x00000000d5580000,0x00000000d5580000,0x00000000d5880000)
  from space 512K, 100% used [0x00000000d5980000,0x00000000d5a00000,0x00000000d5a00000)
  to   space 512K, 0% used [0x00000000d5a00000,0x00000000d5a00000,0x00000000d5a80000)
 ParOldGen       total 1090048K, used 578627K [0x0000000080000000, 0x00000000c2880000, 0x00000000d5580000)
  object space 1090048K, 53% used [0x0000000080000000,0x00000000a3510e60,0x00000000c2880000)
 Metaspace       used 91089K, committed 92992K, reserved 1179648K
  class space    used 9111K, committed 10048K, reserved 1048576K
}
Event: 12265.620 GC heap before
{Heap before GC invocations=2359 (full 5):
 PSYoungGen      total 3584K, used 3583K [0x00000000d5580000, 0x00000000d5a80000, 0x0000000100000000)
  eden space 3072K, 99% used [0x00000000d5580000,0x00000000d587fff8,0x00000000d5880000)
  from space 512K, 100% used [0x00000000d5980000,0x00000000d5a00000,0x00000000d5a00000)
  to   space 512K, 0% used [0x00000000d5a00000,0x00000000d5a00000,0x00000000d5a80000)
 ParOldGen       total 1090048K, used 578627K [0x0000000080000000, 0x00000000c2880000, 0x00000000d5580000)
  object space 1090048K, 53% used [0x0000000080000000,0x00000000a3510e60,0x00000000c2880000)
 Metaspace       used 91091K, committed 92992K, reserved 1179648K
  class space    used 9111K, committed 10048K, reserved 1048576K
}
Event: 12265.628 GC heap after
{Heap after GC invocations=2359 (full 5):
 PSYoungGen      total 3584K, used 512K [0x00000000d5580000, 0x00000000d5a80000, 0x0000000100000000)
  eden space 3072K, 0% used [0x00000000d5580000,0x00000000d5580000,0x00000000d5880000)
  from space 512K, 100% used [0x00000000d5a00000,0x00000000d5a80000,0x00000000d5a80000)
  to   space 1024K, 0% used [0x00000000d5880000,0x00000000d5880000,0x00000000d5980000)
 ParOldGen       total 1090048K, used 579087K [0x0000000080000000, 0x00000000c2880000, 0x00000000d5580000)
  object space 1090048K, 53% used [0x0000000080000000,0x00000000a3583e70,0x00000000c2880000)
 Metaspace       used 91091K, committed 92992K, reserved 1179648K
  class space    used 9111K, committed 10048K, reserved 1048576K
}
Event: 12265.838 GC heap before
{Heap before GC invocations=2360 (full 5):
 PSYoungGen      total 3584K, used 3583K [0x00000000d5580000, 0x00000000d5a80000, 0x0000000100000000)
  eden space 3072K, 99% used [0x00000000d5580000,0x00000000d587ffc8,0x00000000d5880000)
  from space 512K, 100% used [0x00000000d5a00000,0x00000000d5a80000,0x00000000d5a80000)
  to   space 1024K, 0% used [0x00000000d5880000,0x00000000d5880000,0x00000000d5980000)
 ParOldGen       total 1090048K, used 579087K [0x0000000080000000, 0x00000000c2880000, 0x00000000d5580000)
  object space 1090048K, 53% used [0x0000000080000000,0x00000000a3583e70,0x00000000c2880000)
 Metaspace       used 91093K, committed 92992K, reserved 1179648K
  class space    used 9111K, committed 10048K, reserved 1048576K
}
Event: 12265.845 GC heap after
{Heap after GC invocations=2360 (full 5):
 PSYoungGen      total 4096K, used 804K [0x00000000d5580000, 0x00000000d5a80000, 0x0000000100000000)
  eden space 3072K, 0% used [0x00000000d5580000,0x00000000d5580000,0x00000000d5880000)
  from space 1024K, 78% used [0x00000000d5880000,0x00000000d5949230,0x00000000d5980000)
  to   space 1024K, 0% used [0x00000000d5980000,0x00000000d5980000,0x00000000d5a80000)
 ParOldGen       total 1090048K, used 579431K [0x0000000080000000, 0x00000000c2880000, 0x00000000d5580000)
  object space 1090048K, 53% used [0x0000000080000000,0x00000000a35d9e70,0x00000000c2880000)
 Metaspace       used 91093K, committed 92992K, reserved 1179648K
  class space    used 9111K, committed 10048K, reserved 1048576K
}
Event: 12265.900 GC heap before
{Heap before GC invocations=2361 (full 5):
 PSYoungGen      total 4096K, used 3876K [0x00000000d5580000, 0x00000000d5a80000, 0x0000000100000000)
  eden space 3072K, 100% used [0x00000000d5580000,0x00000000d5880000,0x00000000d5880000)
  from space 1024K, 78% used [0x00000000d5880000,0x00000000d5949230,0x00000000d5980000)
  to   space 1024K, 0% used [0x00000000d5980000,0x00000000d5980000,0x00000000d5a80000)
 ParOldGen       total 1090048K, used 579431K [0x0000000080000000, 0x00000000c2880000, 0x00000000d5580000)
  object space 1090048K, 53% used [0x0000000080000000,0x00000000a35d9e70,0x00000000c2880000)
 Metaspace       used 91093K, committed 92992K, reserved 1179648K
  class space    used 9111K, committed 10048K, reserved 1048576K
}
Event: 12265.908 GC heap after
{Heap after GC invocations=2361 (full 5):
 PSYoungGen      total 4096K, used 416K [0x00000000d5580000, 0x00000000d5a80000, 0x0000000100000000)
  eden space 3072K, 0% used [0x00000000d5580000,0x00000000d5580000,0x00000000d5880000)
  from space 1024K, 40% used [0x00000000d5980000,0x00000000d59e8000,0x00000000d5a80000)
  to   space 1024K, 0% used [0x00000000d5880000,0x00000000d5880000,0x00000000d5980000)
 ParOldGen       total 1090048K, used 580138K [0x0000000080000000, 0x00000000c2880000, 0x00000000d5580000)
  object space 1090048K, 53% used [0x0000000080000000,0x00000000a368aba0,0x00000000c2880000)
 Metaspace       used 91093K, committed 92992K, reserved 1179648K
  class space    used 9111K, committed 10048K, reserved 1048576K
}
Event: 12266.007 GC heap before
{Heap before GC invocations=2362 (full 5):
 PSYoungGen      total 4096K, used 3488K [0x00000000d5580000, 0x00000000d5a80000, 0x0000000100000000)
  eden space 3072K, 100% used [0x00000000d5580000,0x00000000d5880000,0x00000000d5880000)
  from space 1024K, 40% used [0x00000000d5980000,0x00000000d59e8000,0x00000000d5a80000)
  to   space 1024K, 0% used [0x00000000d5880000,0x00000000d5880000,0x00000000d5980000)
 ParOldGen       total 1090048K, used 580138K [0x0000000080000000, 0x00000000c2880000, 0x00000000d5580000)
  object space 1090048K, 53% used [0x0000000080000000,0x00000000a368aba0,0x00000000c2880000)
 Metaspace       used 91093K, committed 92992K, reserved 1179648K
  class space    used 9111K, committed 10048K, reserved 1048576K
}
Event: 12266.013 GC heap after
{Heap after GC invocations=2362 (full 5):
 PSYoungGen      total 4096K, used 500K [0x00000000d5580000, 0x00000000d5a80000, 0x0000000100000000)
  eden space 3072K, 0% used [0x00000000d5580000,0x00000000d5580000,0x00000000d5880000)
  from space 1024K, 48% used [0x00000000d5880000,0x00000000d58fd200,0x00000000d5980000)
  to   space 1024K, 0% used [0x00000000d5980000,0x00000000d5980000,0x00000000d5a80000)
 ParOldGen       total 1090048K, used 580454K [0x0000000080000000, 0x00000000c2880000, 0x00000000d5580000)
  object space 1090048K, 53% used [0x0000000080000000,0x00000000a36d9bb0,0x00000000c2880000)
 Metaspace       used 91093K, committed 92992K, reserved 1179648K
  class space    used 9111K, committed 10048K, reserved 1048576K
}
Event: 12266.036 GC heap before
{Heap before GC invocations=2363 (full 5):
 PSYoungGen      total 4096K, used 3572K [0x00000000d5580000, 0x00000000d5a80000, 0x0000000100000000)
  eden space 3072K, 100% used [0x00000000d5580000,0x00000000d5880000,0x00000000d5880000)
  from space 1024K, 48% used [0x00000000d5880000,0x00000000d58fd200,0x00000000d5980000)
  to   space 1024K, 0% used [0x00000000d5980000,0x00000000d5980000,0x00000000d5a80000)
 ParOldGen       total 1090048K, used 580454K [0x0000000080000000, 0x00000000c2880000, 0x00000000d5580000)
  object space 1090048K, 53% used [0x0000000080000000,0x00000000a36d9bb0,0x00000000c2880000)
 Metaspace       used 91093K, committed 92992K, reserved 1179648K
  class space    used 9111K, committed 10048K, reserved 1048576K
}
Event: 12266.042 GC heap after
{Heap after GC invocations=2363 (full 5):
 PSYoungGen      total 4096K, used 576K [0x00000000d5580000, 0x00000000d5a80000, 0x0000000100000000)
  eden space 3072K, 0% used [0x00000000d5580000,0x00000000d5580000,0x00000000d5880000)
  from space 1024K, 56% used [0x00000000d5980000,0x00000000d5a10000,0x00000000d5a80000)
  to   space 1024K, 0% used [0x00000000d5880000,0x00000000d5880000,0x00000000d5980000)
 ParOldGen       total 1090048K, used 580848K [0x0000000080000000, 0x00000000c2880000, 0x00000000d5580000)
  object space 1090048K, 53% used [0x0000000080000000,0x00000000a373c3c0,0x00000000c2880000)
 Metaspace       used 91093K, committed 92992K, reserved 1179648K
  class space    used 9111K, committed 10048K, reserved 1048576K
}
Event: 12267.527 GC heap before
{Heap before GC invocations=2364 (full 5):
 PSYoungGen      total 4096K, used 3648K [0x00000000d5580000, 0x00000000d5a80000, 0x0000000100000000)
  eden space 3072K, 100% used [0x00000000d5580000,0x00000000d5880000,0x00000000d5880000)
  from space 1024K, 56% used [0x00000000d5980000,0x00000000d5a10000,0x00000000d5a80000)
  to   space 1024K, 0% used [0x00000000d5880000,0x00000000d5880000,0x00000000d5980000)
 ParOldGen       total 1090048K, used 580848K [0x0000000080000000, 0x00000000c2880000, 0x00000000d5580000)
  object space 1090048K, 53% used [0x0000000080000000,0x00000000a373c3c0,0x00000000c2880000)
 Metaspace       used 91098K, committed 92992K, reserved 1179648K
  class space    used 9111K, committed 10048K, reserved 1048576K
}
Event: 12267.545 GC heap after
{Heap after GC invocations=2364 (full 5):
 PSYoungGen      total 4096K, used 448K [0x00000000d5580000, 0x00000000d5a00000, 0x0000000100000000)
  eden space 3072K, 0% used [0x00000000d5580000,0x00000000d5580000,0x00000000d5880000)
  from space 1024K, 43% used [0x00000000d5880000,0x00000000d58f0000,0x00000000d5980000)
  to   space 512K, 0% used [0x00000000d5980000,0x00000000d5980000,0x00000000d5a00000)
 ParOldGen       total 1090048K, used 581320K [0x0000000080000000, 0x00000000c2880000, 0x00000000d5580000)
  object space 1090048K, 53% used [0x0000000080000000,0x00000000a37b23c0,0x00000000c2880000)
 Metaspace       used 91098K, committed 92992K, reserved 1179648K
  class space    used 9111K, committed 10048K, reserved 1048576K
}
Event: 12269.438 GC heap before
{Heap before GC invocations=2365 (full 5):
 PSYoungGen      total 4096K, used 3520K [0x00000000d5580000, 0x00000000d5a00000, 0x0000000100000000)
  eden space 3072K, 100% used [0x00000000d5580000,0x00000000d5880000,0x00000000d5880000)
  from space 1024K, 43% used [0x00000000d5880000,0x00000000d58f0000,0x00000000d5980000)
  to   space 512K, 0% used [0x00000000d5980000,0x00000000d5980000,0x00000000d5a00000)
 ParOldGen       total 1090048K, used 581320K [0x0000000080000000, 0x00000000c2880000, 0x00000000d5580000)
  object space 1090048K, 53% used [0x0000000080000000,0x00000000a37b23c0,0x00000000c2880000)
 Metaspace       used 91098K, committed 92992K, reserved 1179648K
  class space    used 9111K, committed 10048K, reserved 1048576K
}
Event: 12269.442 GC heap after
{Heap after GC invocations=2365 (full 5):
 PSYoungGen      total 3584K, used 192K [0x00000000d5580000, 0x00000000d5a00000, 0x0000000100000000)
  eden space 3072K, 0% used [0x00000000d5580000,0x00000000d5580000,0x00000000d5880000)
  from space 512K, 37% used [0x00000000d5980000,0x00000000d59b0000,0x00000000d5a00000)
  to   space 512K, 0% used [0x00000000d5900000,0x00000000d5900000,0x00000000d5980000)
 ParOldGen       total 1090048K, used 581608K [0x0000000080000000, 0x00000000c2880000, 0x00000000d5580000)
  object space 1090048K, 53% used [0x0000000080000000,0x00000000a37fa3c0,0x00000000c2880000)
 Metaspace       used 91098K, committed 92992K, reserved 1179648K
  class space    used 9111K, committed 10048K, reserved 1048576K
}
Event: 12269.626 GC heap before
{Heap before GC invocations=2366 (full 5):
 PSYoungGen      total 3584K, used 3180K [0x00000000d5580000, 0x00000000d5a00000, 0x0000000100000000)
  eden space 3072K, 97% used [0x00000000d5580000,0x00000000d586b2f8,0x00000000d5880000)
  from space 512K, 37% used [0x00000000d5980000,0x00000000d59b0000,0x00000000d5a00000)
  to   space 512K, 0% used [0x00000000d5900000,0x00000000d5900000,0x00000000d5980000)
 ParOldGen       total 1090048K, used 581608K [0x0000000080000000, 0x00000000c2880000, 0x00000000d5580000)
  object space 1090048K, 53% used [0x0000000080000000,0x00000000a37fa3c0,0x00000000c2880000)
 Metaspace       used 91099K, committed 92992K, reserved 1179648K
  class space    used 9111K, committed 10048K, reserved 1048576K
}
Event: 12269.629 GC heap after
{Heap after GC invocations=2366 (full 5):
 PSYoungGen      total 3584K, used 314K [0x00000000d5580000, 0x00000000d5a00000, 0x0000000100000000)
  eden space 3072K, 0% used [0x00000000d5580000,0x00000000d5580000,0x00000000d5880000)
  from space 512K, 61% used [0x00000000d5900000,0x00000000d594eb78,0x00000000d5980000)
  to   space 512K, 0% used [0x00000000d5980000,0x00000000d5980000,0x00000000d5a00000)
 ParOldGen       total 1090048K, used 581640K [0x0000000080000000, 0x00000000c2880000, 0x00000000d5580000)
  object space 1090048K, 53% used [0x0000000080000000,0x00000000a38023c0,0x00000000c2880000)
 Metaspace       used 91099K, committed 92992K, reserved 1179648K
  class space    used 9111K, committed 10048K, reserved 1048576K
}
Event: 12325.514 GC heap before
{Heap before GC invocations=2367 (full 5):
 PSYoungGen      total 3584K, used 3386K [0x00000000d5580000, 0x00000000d5a00000, 0x0000000100000000)
  eden space 3072K, 100% used [0x00000000d5580000,0x00000000d5880000,0x00000000d5880000)
  from space 512K, 61% used [0x00000000d5900000,0x00000000d594eb78,0x00000000d5980000)
  to   space 512K, 0% used [0x00000000d5980000,0x00000000d5980000,0x00000000d5a00000)
 ParOldGen       total 1090048K, used 581640K [0x0000000080000000, 0x00000000c2880000, 0x00000000d5580000)
  object space 1090048K, 53% used [0x0000000080000000,0x00000000a38023c0,0x00000000c2880000)
 Metaspace       used 91099K, committed 92992K, reserved 1179648K
  class space    used 9111K, committed 10048K, reserved 1048576K
}
Event: 12325.732 GC heap after
{Heap after GC invocations=2367 (full 5):
 PSYoungGen      total 3584K, used 224K [0x00000000d5580000, 0x00000000d5a00000, 0x0000000100000000)
  eden space 3072K, 0% used [0x00000000d5580000,0x00000000d5580000,0x00000000d5880000)
  from space 512K, 43% used [0x00000000d5980000,0x00000000d59b8000,0x00000000d5a00000)
  to   space 512K, 0% used [0x00000000d5900000,0x00000000d5900000,0x00000000d5980000)
 ParOldGen       total 1090048K, used 581672K [0x0000000080000000, 0x00000000c2880000, 0x00000000d5580000)
  object space 1090048K, 53% used [0x0000000080000000,0x00000000a380a3c0,0x00000000c2880000)
 Metaspace       used 91099K, committed 92992K, reserved 1179648K
  class space    used 9111K, committed 10048K, reserved 1048576K
}

Dll operation events (12 events):
Event: 0.016 Loaded shared library c:\Users\marco\.vscode\extensions\redhat.java-1.54.0-win32-x64\jre\21.0.10-win32-x86_64\bin\java.dll
Event: 0.135 Loaded shared library c:\Users\marco\.vscode\extensions\redhat.java-1.54.0-win32-x64\jre\21.0.10-win32-x86_64\bin\zip.dll
Event: 0.180 Loaded shared library C:\Users\marco\.vscode\extensions\redhat.java-1.54.0-win32-x64\jre\21.0.10-win32-x86_64\bin\instrument.dll
Event: 0.191 Loaded shared library C:\Users\marco\.vscode\extensions\redhat.java-1.54.0-win32-x64\jre\21.0.10-win32-x86_64\bin\net.dll
Event: 0.214 Loaded shared library C:\Users\marco\.vscode\extensions\redhat.java-1.54.0-win32-x64\jre\21.0.10-win32-x86_64\bin\nio.dll
Event: 0.220 Loaded shared library C:\Users\marco\.vscode\extensions\redhat.java-1.54.0-win32-x64\jre\21.0.10-win32-x86_64\bin\zip.dll
Event: 0.268 Loaded shared library C:\Users\marco\.vscode\extensions\redhat.java-1.54.0-win32-x64\jre\21.0.10-win32-x86_64\bin\jimage.dll
Event: 0.504 Loaded shared library c:\Users\marco\.vscode\extensions\redhat.java-1.54.0-win32-x64\jre\21.0.10-win32-x86_64\bin\verify.dll
Event: 17.468 Loaded shared library C:\Users\marco\AppData\Roaming\Code\User\globalStorage\redhat.java\1.54.0\config_win\org.eclipse.equinox.launcher\org.eclipse.equinox.launcher.win32.win32.x86_64_1.3.0.v20260203-2149\eclipse_11919.dll
Event: 37.353 Loaded shared library C:\Users\marco\AppData\Local\Temp\jna-103666250\jna1908089326788782827.dll
Event: 65.423 Loaded shared library C:\Users\marco\.vscode\extensions\redhat.java-1.54.0-win32-x64\jre\21.0.10-win32-x86_64\bin\sunmscapi.dll
Event: 874.318 Loaded shared library C:\Users\marco\.vscode\extensions\redhat.java-1.54.0-win32-x64\jre\21.0.10-win32-x86_64\bin\extnet.dll

Deoptimization events (20 events):
Event: 12012.285 Thread 0x0000015bf8f8c990 Uncommon trap: trap_request=0xffffffbe fr.pc=0x0000015b98fc837c relative=0x000000000000037c
Event: 12012.285 Thread 0x0000015bf8f8c990 Uncommon trap: reason=profile_predicate action=maybe_recompile pc=0x0000015b98fc837c method=org.eclipse.jdt.internal.compiler.lookup.InferenceSubstitution.substitute(Lorg/eclipse/jdt/internal/compiler/lookup/Substitution;Lorg/eclipse/jdt/internal/compiler
Event: 12012.285 Thread 0x0000015bf8f8c990 DEOPT PACKING pc=0x0000015b98fc837c sp=0x0000004cef1fd610
Event: 12012.285 Thread 0x0000015bf8f8c990 DEOPT UNPACKING pc=0x0000015b97f93aa2 sp=0x0000004cef1fd5c0 mode 2
Event: 12047.628 Thread 0x0000015bf8f8c990 Uncommon trap: trap_request=0xffffffcc fr.pc=0x0000015b99c5c2e4 relative=0x0000000000000a04
Event: 12047.628 Thread 0x0000015bf8f8c990 Uncommon trap: reason=intrinsic_or_type_checked_inlining action=make_not_entrant pc=0x0000015b99c5c2e4 method=org.eclipse.jdt.internal.compiler.parser.Parser.consumeNormalAnnotation(Z)V @ 92 c2
Event: 12047.628 Thread 0x0000015bf8f8c990 DEOPT PACKING pc=0x0000015b99c5c2e4 sp=0x0000004cef1fe340
Event: 12047.628 Thread 0x0000015bf8f8c990 DEOPT UNPACKING pc=0x0000015b97f93aa2 sp=0x0000004cef1fe2d0 mode 2
Event: 12047.653 Thread 0x0000015bf8f8c990 Uncommon trap: trap_request=0xffffff6e fr.pc=0x0000015b99c5472c relative=0x0000000000001a2c
Event: 12047.653 Thread 0x0000015bf8f8c990 Uncommon trap: reason=loop_limit_check action=maybe_recompile pc=0x0000015b99c5472c method=org.eclipse.jdt.internal.compiler.parser.Parser.dispatchDeclarationInto(I)V @ 117 c2
Event: 12047.653 Thread 0x0000015bf8f8c990 DEOPT PACKING pc=0x0000015b99c5472c sp=0x0000004cef1fde20
Event: 12047.653 Thread 0x0000015bf8f8c990 DEOPT UNPACKING pc=0x0000015b97f93aa2 sp=0x0000004cef1fddc8 mode 2
Event: 12050.065 Thread 0x0000015bf8f8c990 Uncommon trap: trap_request=0xffffffcc fr.pc=0x0000015b99c73fb0 relative=0x0000000000001630
Event: 12050.065 Thread 0x0000015bf8f8c990 Uncommon trap: reason=intrinsic_or_type_checked_inlining action=make_not_entrant pc=0x0000015b99c73fb0 method=org.eclipse.jdt.internal.compiler.parser.Parser.consumeEnterVariable()V @ 424 c2
Event: 12050.065 Thread 0x0000015bf8f8c990 DEOPT PACKING pc=0x0000015b99c73fb0 sp=0x0000004cef1fde00
Event: 12050.066 Thread 0x0000015bf8f8c990 DEOPT UNPACKING pc=0x0000015b97f93aa2 sp=0x0000004cef1fdd88 mode 2
Event: 12265.241 Thread 0x0000015bf8f8a230 Uncommon trap: trap_request=0xffffffcc fr.pc=0x0000015b99c7cdf0 relative=0x0000000000000ab0
Event: 12265.242 Thread 0x0000015bf8f8a230 Uncommon trap: reason=intrinsic_or_type_checked_inlining action=make_not_entrant pc=0x0000015b99c7cdf0 method=org.eclipse.jdt.internal.compiler.parser.Parser.dispatchDeclarationInto(I)V @ 379 c2
Event: 12265.242 Thread 0x0000015bf8f8a230 DEOPT PACKING pc=0x0000015b99c7cdf0 sp=0x0000004cef5fdb60
Event: 12265.244 Thread 0x0000015bf8f8a230 DEOPT UNPACKING pc=0x0000015b97f93aa2 sp=0x0000004cef5fdad8 mode 2

Classes loaded (20 events):
Event: 4314.589 Loading class jdk/internal/module/IllegalAccessLogger
Event: 4314.589 Loading class jdk/internal/module/IllegalAccessLogger done
Event: 5832.431 Loading class jdk/internal/module/IllegalAccessLogger
Event: 5832.435 Loading class jdk/internal/module/IllegalAccessLogger done
Event: 6407.989 Loading class jdk/internal/module/IllegalAccessLogger
Event: 6407.990 Loading class jdk/internal/module/IllegalAccessLogger done
Event: 6408.257 Loading class java/util/concurrent/ConcurrentHashMap$KeySpliterator
Event: 6408.260 Loading class java/util/concurrent/ConcurrentHashMap$KeySpliterator done
Event: 6415.380 Loading class jdk/internal/module/IllegalAccessLogger
Event: 6415.380 Loading class jdk/internal/module/IllegalAccessLogger done
Event: 6416.399 Loading class java/io/CharArrayWriter
Event: 6416.401 Loading class java/io/CharArrayWriter done
Event: 6446.341 Loading class jdk/internal/module/IllegalAccessLogger
Event: 6446.341 Loading class jdk/internal/module/IllegalAccessLogger done
Event: 6704.676 Loading class java/nio/file/Path$1
Event: 6704.683 Loading class java/nio/file/Path$1 done
Event: 10694.331 Loading class java/util/concurrent/ConcurrentHashMap$TreeNode
Event: 10694.365 Loading class java/util/concurrent/ConcurrentHashMap$TreeNode done
Event: 10694.367 Loading class java/util/concurrent/ConcurrentHashMap$TreeBin
Event: 10694.394 Loading class java/util/concurrent/ConcurrentHashMap$TreeBin done

Classes unloaded (20 events):
Event: 6409.005 Thread 0x0000015b8c291a10 Unloading class 0x0000015ba6018800 'java/lang/invoke/LambdaForm$MH+0x0000015ba6018800'
Event: 6409.005 Thread 0x0000015b8c291a10 Unloading class 0x0000015ba6014800 'java/lang/invoke/LambdaForm$MH+0x0000015ba6014800'
Event: 6409.005 Thread 0x0000015b8c291a10 Unloading class 0x0000015ba600d800 'java/lang/invoke/LambdaForm$MH+0x0000015ba600d800'
Event: 6409.006 Thread 0x0000015b8c291a10 Unloading class 0x0000015ba600d400 'java/lang/invoke/LambdaForm$MH+0x0000015ba600d400'
Event: 6409.006 Thread 0x0000015b8c291a10 Unloading class 0x0000015ba600d000 'java/lang/invoke/LambdaForm$MH+0x0000015ba600d000'
Event: 6409.006 Thread 0x0000015b8c291a10 Unloading class 0x0000015ba600cc00 'java/lang/invoke/LambdaForm$MH+0x0000015ba600cc00'
Event: 6409.006 Thread 0x0000015b8c291a10 Unloading class 0x0000015ba600c800 'java/lang/invoke/LambdaForm$BMH+0x0000015ba600c800'
Event: 6409.006 Thread 0x0000015b8c291a10 Unloading class 0x0000015ba600c000 'java/lang/invoke/LambdaForm$DMH+0x0000015ba600c000'
Event: 6409.006 Thread 0x0000015b8c291a10 Unloading class 0x0000015ba6008c00 'java/lang/invoke/LambdaForm$MH+0x0000015ba6008c00'
Event: 6409.006 Thread 0x0000015b8c291a10 Unloading class 0x0000015ba6008800 'java/lang/invoke/LambdaForm$MH+0x0000015ba6008800'
Event: 6409.006 Thread 0x0000015b8c291a10 Unloading class 0x0000015ba6008400 'java/lang/invoke/LambdaForm$MH+0x0000015ba6008400'
Event: 6409.006 Thread 0x0000015b8c291a10 Unloading class 0x0000015ba6007000 'java/lang/invoke/LambdaForm$MH+0x0000015ba6007000'
Event: 6409.006 Thread 0x0000015b8c291a10 Unloading class 0x0000015ba6006800 'java/lang/invoke/LambdaForm$MH+0x0000015ba6006800'
Event: 6409.006 Thread 0x0000015b8c291a10 Unloading class 0x0000015ba6006400 'java/lang/invoke/LambdaForm$MH+0x0000015ba6006400'
Event: 6409.006 Thread 0x0000015b8c291a10 Unloading class 0x0000015ba6006000 'java/lang/invoke/LambdaForm$MH+0x0000015ba6006000'
Event: 6409.006 Thread 0x0000015b8c291a10 Unloading class 0x0000015ba6005c00 'java/lang/invoke/LambdaForm$BMH+0x0000015ba6005c00'
Event: 6409.007 Thread 0x0000015b8c291a10 Unloading class 0x0000015ba6004800 'java/lang/invoke/LambdaForm$DMH+0x0000015ba6004800'
Event: 6409.007 Thread 0x0000015b8c291a10 Unloading class 0x0000015ba6002400 'java/lang/invoke/LambdaForm$MH+0x0000015ba6002400'
Event: 6409.007 Thread 0x0000015b8c291a10 Unloading class 0x0000015ba6002000 'java/lang/invoke/LambdaForm$MH+0x0000015ba6002000'
Event: 6409.007 Thread 0x0000015b8c291a10 Unloading class 0x0000015ba6001800 'java/lang/invoke/LambdaForm$MH+0x0000015ba6001800'

Classes redefined (0 events):
No events

Internal exceptions (20 events):
Event: 7856.083 Thread 0x0000015be76f8530 Exception <a 'sun/nio/fs/WindowsException'{0x00000000d5776450}> (0x00000000d5776450) 
thrown [s\src\hotspot\share\prims\jni.cpp, line 520]
Event: 7856.083 Thread 0x0000015be76f8530 Exception <a 'sun/nio/fs/WindowsException'{0x00000000d5776ce0}> (0x00000000d5776ce0) 
thrown [s\src\hotspot\share\prims\jni.cpp, line 520]
Event: 7856.092 Thread 0x0000015be76f8530 Exception <a 'sun/nio/fs/WindowsException'{0x00000000d5596150}> (0x00000000d5596150) 
thrown [s\src\hotspot\share\prims\jni.cpp, line 520]
Event: 7856.093 Thread 0x0000015be76f8530 Exception <a 'sun/nio/fs/WindowsException'{0x00000000d5596c90}> (0x00000000d5596c90) 
thrown [s\src\hotspot\share\prims\jni.cpp, line 520]
Event: 7856.597 Thread 0x0000015be76f9250 Exception <a 'sun/nio/fs/WindowsException'{0x00000000d5859780}> (0x00000000d5859780) 
thrown [s\src\hotspot\share\prims\jni.cpp, line 520]
Event: 7856.597 Thread 0x0000015be76f9250 Exception <a 'sun/nio/fs/WindowsException'{0x00000000d5859df0}> (0x00000000d5859df0) 
thrown [s\src\hotspot\share\prims\jni.cpp, line 520]
Event: 10433.417 Thread 0x0000015be76fe110 Exception <a 'sun/nio/fs/WindowsException'{0x00000000d571b268}> (0x00000000d571b268) 
thrown [s\src\hotspot\share\prims\jni.cpp, line 520]
Event: 10433.425 Thread 0x0000015be76fe110 Exception <a 'sun/nio/fs/WindowsException'{0x00000000d571b730}> (0x00000000d571b730) 
thrown [s\src\hotspot\share\prims\jni.cpp, line 520]
Event: 10433.567 Thread 0x0000015becc044c0 Exception <a 'sun/nio/fs/WindowsException'{0x00000000d5585b80}> (0x00000000d5585b80) 
thrown [s\src\hotspot\share\prims\jni.cpp, line 520]
Event: 10434.084 Thread 0x0000015be76fe110 Exception <a 'sun/nio/fs/WindowsException'{0x00000000d56a4b70}> (0x00000000d56a4b70) 
thrown [s\src\hotspot\share\prims\jni.cpp, line 520]
Event: 10442.177 Thread 0x0000015becc044c0 Exception <a 'sun/nio/fs/WindowsException'{0x00000000d55a7870}> (0x00000000d55a7870) 
thrown [s\src\hotspot\share\prims\jni.cpp, line 520]
Event: 10473.117 Thread 0x0000015bf8f8b5e0 Exception <a 'sun/nio/fs/WindowsException'{0x00000000d55b89d8}> (0x00000000d55b89d8) 
thrown [s\src\hotspot\share\prims\jni.cpp, line 520]
Event: 10473.119 Thread 0x0000015bf8f8b5e0 Exception <a 'sun/nio/fs/WindowsException'{0x00000000d55b92b8}> (0x00000000d55b92b8) 
thrown [s\src\hotspot\share\prims\jni.cpp, line 520]
Event: 10733.179 Thread 0x0000015be76fe110 Exception <a 'sun/nio/fs/WindowsException'{0x00000000d57a0d30}> (0x00000000d57a0d30) 
thrown [s\src\hotspot\share\prims\jni.cpp, line 520]
Event: 10733.184 Thread 0x0000015be76fe110 Exception <a 'sun/nio/fs/WindowsException'{0x00000000d57a1870}> (0x00000000d57a1870) 
thrown [s\src\hotspot\share\prims\jni.cpp, line 520]
Event: 11034.767 Thread 0x0000015be76fda80 Exception <a 'sun/nio/fs/WindowsException'{0x00000000d5593428}> (0x00000000d5593428) 
thrown [s\src\hotspot\share\prims\jni.cpp, line 520]
Event: 11034.778 Thread 0x0000015be76fda80 Exception <a 'sun/nio/fs/WindowsException'{0x00000000d5593f88}> (0x00000000d5593f88) 
thrown [s\src\hotspot\share\prims\jni.cpp, line 520]
Event: 11853.126 Thread 0x0000015beda005d0 Exception <a 'java/lang/IncompatibleClassChangeError'{0x00000000d5586c68}: Found class java.lang.Object, but interface was expected> (0x00000000d5586c68) 
thrown [s\src\hotspot\share\interpreter\linkResolver.cpp, line 840]
Event: 11853.128 Thread 0x0000015beda005d0 Implicit null exception at 0x0000015b98688239 to 0x0000015b9868abb0
Event: 11853.382 Thread 0x0000015bf8f8a230 Implicit null exception at 0x0000015b98de0db9 to 0x0000015b98de0fb8

ZGC Phase Switch (0 events):
No events

VM Operations (20 events):
Event: 12266.033 Executing safepoint VM operation: ParallelGCFailedAllocation (Allocation Failure)
Event: 12266.042 Executing safepoint VM operation: ParallelGCFailedAllocation (Allocation Failure) done
Event: 12267.527 Executing safepoint VM operation: ParallelGCFailedAllocation (Allocation Failure)
Event: 12267.545 Executing safepoint VM operation: ParallelGCFailedAllocation (Allocation Failure) done
Event: 12268.362 Executing non-safepoint VM operation: HandshakeAllThreads (HandshakeForDeflation)
Event: 12268.362 Executing non-safepoint VM operation: HandshakeAllThreads (HandshakeForDeflation) done
Event: 12268.362 Executing non-safepoint VM operation: RendezvousGCThreads
Event: 12268.362 Executing non-safepoint VM operation: RendezvousGCThreads done
Event: 12269.364 Executing safepoint VM operation: Cleanup
Event: 12269.364 Executing safepoint VM operation: Cleanup done
Event: 12269.438 Executing safepoint VM operation: ParallelGCFailedAllocation (Allocation Failure)
Event: 12269.442 Executing safepoint VM operation: ParallelGCFailedAllocation (Allocation Failure) done
Event: 12269.626 Executing safepoint VM operation: ParallelGCFailedAllocation (Allocation Failure)
Event: 12269.629 Executing safepoint VM operation: ParallelGCFailedAllocation (Allocation Failure) done
Event: 12325.490 Executing safepoint VM operation: ParallelGCFailedAllocation (Allocation Failure)
Event: 12325.732 Executing safepoint VM operation: ParallelGCFailedAllocation (Allocation Failure) done
Event: 12328.587 Executing non-safepoint VM operation: HandshakeAllThreads (HandshakeForDeflation)
Event: 12328.587 Executing non-safepoint VM operation: HandshakeAllThreads (HandshakeForDeflation) done
Event: 12328.587 Executing non-safepoint VM operation: RendezvousGCThreads
Event: 12328.587 Executing non-safepoint VM operation: RendezvousGCThreads done

Memory protections (0 events):
No events

Nmethod flushes (20 events):
Event: 6411.139 Thread 0x0000015b8c291a10 flushing  nmethod 0x0000015b92c20e10
Event: 6411.140 Thread 0x0000015b8c291a10 flushing  nmethod 0x0000015b92c23090
Event: 6411.140 Thread 0x0000015b8c291a10 flushing  nmethod 0x0000015b92c88690
Event: 6411.140 Thread 0x0000015b8c291a10 flushing  nmethod 0x0000015b92ca1690
Event: 6411.140 Thread 0x0000015b8c291a10 flushing  nmethod 0x0000015b92ca1e10
Event: 6411.140 Thread 0x0000015b8c291a10 flushing  nmethod 0x0000015b92cc9c10
Event: 6411.140 Thread 0x0000015b8c291a10 flushing  nmethod 0x0000015b92cca490
Event: 6411.140 Thread 0x0000015b8c291a10 flushing  nmethod 0x0000015b92ccb090
Event: 6411.140 Thread 0x0000015b8c291a10 flushing  nmethod 0x0000015b92ccb990
Event: 6411.140 Thread 0x0000015b8c291a10 flushing  nmethod 0x0000015b92cd7f90
Event: 6411.140 Thread 0x0000015b8c291a10 flushing osr nmethod 0x0000015b92ce6b10
Event: 6411.140 Thread 0x0000015b8c291a10 flushing osr nmethod 0x0000015b92cf8490
Event: 6411.140 Thread 0x0000015b8c291a10 flushing  nmethod 0x0000015b92d2c710
Event: 6411.140 Thread 0x0000015b8c291a10 flushing osr nmethod 0x0000015b92d32910
Event: 6411.140 Thread 0x0000015b8c291a10 flushing osr nmethod 0x0000015b92d3d710
Event: 6411.140 Thread 0x0000015b8c291a10 flushing  nmethod 0x0000015b92e0bd10
Event: 6411.140 Thread 0x0000015b8c291a10 flushing  nmethod 0x0000015b92e3c710
Event: 6411.141 Thread 0x0000015b8c291a10 flushing osr nmethod 0x0000015b92ed0390
Event: 6411.141 Thread 0x0000015b8c291a10 flushing  nmethod 0x0000015b92edb610
Event: 6411.141 Thread 0x0000015b8c291a10 flushing  nmethod 0x0000015b92f5a990

Events (20 events):
Event: 11827.858 Thread 0x0000015bf8f8af50 Thread exited: 0x0000015bf8f8af50
Event: 11828.255 Thread 0x0000015bf8f8c300 Thread exited: 0x0000015bf8f8c300
Event: 11828.271 Thread 0x0000015bf8f8bc70 Thread exited: 0x0000015bf8f8bc70
Event: 11897.199 Thread 0x0000015bf8f90b30 Thread added: 0x0000015bf8f8af50
Event: 11897.342 Thread 0x0000015beda005d0 Thread added: 0x0000015bf8f8bc70
Event: 11902.742 Thread 0x0000015bf8f90b30 Thread added: 0x0000015bf8f8c300
Event: 11964.149 Thread 0x0000015bf8f8c300 Thread exited: 0x0000015bf8f8c300
Event: 11964.149 Thread 0x0000015be76fda80 Thread exited: 0x0000015be76fda80
Event: 11970.502 Thread 0x0000015bf8f8f0f0 Thread exited: 0x0000015bf8f8f0f0
Event: 12005.235 Thread 0x0000015ba4891590 Thread added: 0x0000015bf04b7790
Event: 12008.813 Thread 0x0000015bf04b7790 Thread exited: 0x0000015bf04b7790
Event: 12012.581 Thread 0x0000015be7350090 Thread added: 0x0000015bf04b8530
Event: 12018.372 Thread 0x0000015bf04b8530 Thread exited: 0x0000015bf04b8530
Event: 12114.119 Thread 0x0000015bf8f8c990 Thread exited: 0x0000015bf8f8c990
Event: 12174.118 Thread 0x0000015bf8f8bc70 Thread exited: 0x0000015bf8f8bc70
Event: 12234.132 Thread 0x0000015bf8f89ba0 Thread exited: 0x0000015bf8f89ba0
Event: 12265.086 Thread 0x0000015beda005d0 Thread added: 0x0000015bf8f89ba0
Event: 12265.173 Thread 0x0000015bf8f89ba0 Thread added: 0x0000015bf8f8f0f0
Event: 12265.176 Thread 0x0000015bf8f8f0f0 Thread added: 0x0000015bf8f8bc70
Event: 12265.190 Thread 0x0000015bf8f8bc70 Thread added: 0x0000015bf8f8c300


Dynamic libraries:
0x00007ff6ea2b0000 - 0x00007ff6ea2be000 	c:\Users\marco\.vscode\extensions\redhat.java-1.54.0-win32-x64\jre\21.0.10-win32-x86_64\bin\java.exe
0x00007fff9e000000 - 0x00007fff9e267000 	C:\WINDOWS\SYSTEM32\ntdll.dll
0x00007fff9d910000 - 0x00007fff9d9d9000 	C:\WINDOWS\System32\KERNEL32.DLL
0x00007fff9a990000 - 0x00007fff9ad84000 	C:\WINDOWS\System32\KERNELBASE.dll
0x00007fff9afe0000 - 0x00007fff9b12b000 	C:\WINDOWS\System32\ucrtbase.dll
0x00007fff6dfe0000 - 0x00007fff6dffe000 	c:\Users\marco\.vscode\extensions\redhat.java-1.54.0-win32-x64\jre\21.0.10-win32-x86_64\bin\VCRUNTIME140.dll
0x00007fff6e000000 - 0x00007fff6e018000 	c:\Users\marco\.vscode\extensions\redhat.java-1.54.0-win32-x64\jre\21.0.10-win32-x86_64\bin\jli.dll
0x00007fff9d510000 - 0x00007fff9d6d5000 	C:\WINDOWS\System32\USER32.dll
0x00007fff9ae40000 - 0x00007fff9ae67000 	C:\WINDOWS\System32\win32u.dll
0x00007fff9c750000 - 0x00007fff9c77b000 	C:\WINDOWS\System32\GDI32.dll
0x00007fff9ba50000 - 0x00007fff9bb7b000 	C:\WINDOWS\System32\gdi32full.dll
0x00007fff9ad90000 - 0x00007fff9ae33000 	C:\WINDOWS\System32\msvcp_win.dll
0x00007fff847f0000 - 0x00007fff84a83000 	C:\WINDOWS\WinSxS\amd64_microsoft.windows.common-controls_6595b64144ccf1df_6.0.26100.8115_none_3e075c82e3354f9c\COMCTL32.dll
0x00007fff9dd40000 - 0x00007fff9dde9000 	C:\WINDOWS\System32\msvcrt.dll
0x00007fff9ddf0000 - 0x00007fff9de22000 	C:\WINDOWS\System32\IMM32.DLL
0x00007fff763f0000 - 0x00007fff763fc000 	c:\Users\marco\.vscode\extensions\redhat.java-1.54.0-win32-x64\jre\21.0.10-win32-x86_64\bin\vcruntime140_1.dll
0x00007fff0db10000 - 0x00007fff0db9d000 	c:\Users\marco\.vscode\extensions\redhat.java-1.54.0-win32-x64\jre\21.0.10-win32-x86_64\bin\msvcp140.dll
0x00007fff097f0000 - 0x00007fff0a591000 	c:\Users\marco\.vscode\extensions\redhat.java-1.54.0-win32-x64\jre\21.0.10-win32-x86_64\bin\server\jvm.dll
0x00007fff9dc70000 - 0x00007fff9dd26000 	C:\WINDOWS\System32\ADVAPI32.dll
0x00007fff9db30000 - 0x00007fff9dbd7000 	C:\WINDOWS\System32\sechost.dll
0x00007fff9cfd0000 - 0x00007fff9d0e8000 	C:\WINDOWS\System32\RPCRT4.dll
0x00007fff9dbe0000 - 0x00007fff9dc60000 	C:\WINDOWS\System32\WS2_32.dll
0x00007fff9a750000 - 0x00007fff9a7ae000 	C:\WINDOWS\SYSTEM32\POWRPROF.dll
0x00007fff92cc0000 - 0x00007fff92cf6000 	C:\WINDOWS\SYSTEM32\WINMM.dll
0x00007fff94d40000 - 0x00007fff94d4b000 	C:\WINDOWS\SYSTEM32\VERSION.dll
0x00007fff9a710000 - 0x00007fff9a724000 	C:\WINDOWS\SYSTEM32\UMPDC.dll
0x00007fff99660000 - 0x00007fff9967b000 	C:\WINDOWS\SYSTEM32\kernel.appcore.dll
0x00007fff6de10000 - 0x00007fff6de1a000 	c:\Users\marco\.vscode\extensions\redhat.java-1.54.0-win32-x64\jre\21.0.10-win32-x86_64\bin\jimage.dll
0x00007fff93040000 - 0x00007fff93282000 	C:\WINDOWS\SYSTEM32\DBGHELP.DLL
0x00007fff9d170000 - 0x00007fff9d4f2000 	C:\WINDOWS\System32\combase.dll
0x00007fff9d9e0000 - 0x00007fff9dab8000 	C:\WINDOWS\System32\OLEAUT32.dll
0x00007fff83d10000 - 0x00007fff83d4b000 	C:\WINDOWS\SYSTEM32\dbgcore.DLL
0x00007fff9b9a0000 - 0x00007fff9ba45000 	C:\WINDOWS\System32\bcryptPrimitives.dll
0x00007fff6ca60000 - 0x00007fff6ca6f000 	c:\Users\marco\.vscode\extensions\redhat.java-1.54.0-win32-x64\jre\21.0.10-win32-x86_64\bin\instrument.dll
0x00007fff6b630000 - 0x00007fff6b650000 	c:\Users\marco\.vscode\extensions\redhat.java-1.54.0-win32-x64\jre\21.0.10-win32-x86_64\bin\java.dll
0x00007fff9be50000 - 0x00007fff9c5b7000 	C:\WINDOWS\System32\SHELL32.dll
0x00007fff9ae70000 - 0x00007fff9afda000 	C:\WINDOWS\System32\wintypes.dll
0x00007fff9b130000 - 0x00007fff9b998000 	C:\WINDOWS\System32\windows.storage.dll
0x00007fff9c650000 - 0x00007fff9c748000 	C:\WINDOWS\System32\SHCORE.dll
0x00007fff9dac0000 - 0x00007fff9db26000 	C:\WINDOWS\System32\shlwapi.dll
0x00007fff9a7f0000 - 0x00007fff9a819000 	C:\WINDOWS\SYSTEM32\profapi.dll
0x00007fff61540000 - 0x00007fff61558000 	c:\Users\marco\.vscode\extensions\redhat.java-1.54.0-win32-x64\jre\21.0.10-win32-x86_64\bin\zip.dll
0x00007fff6b620000 - 0x00007fff6b630000 	C:\Users\marco\.vscode\extensions\redhat.java-1.54.0-win32-x64\jre\21.0.10-win32-x86_64\bin\net.dll
0x00007fff93e80000 - 0x00007fff93fad000 	C:\WINDOWS\SYSTEM32\WINHTTP.dll
0x00007fff99bd0000 - 0x00007fff99c3c000 	C:\WINDOWS\system32\mswsock.dll
0x00007fff3c910000 - 0x00007fff3c926000 	C:\Users\marco\.vscode\extensions\redhat.java-1.54.0-win32-x64\jre\21.0.10-win32-x86_64\bin\nio.dll
0x00007fff61580000 - 0x00007fff61590000 	c:\Users\marco\.vscode\extensions\redhat.java-1.54.0-win32-x64\jre\21.0.10-win32-x86_64\bin\verify.dll
0x00007fff3c5f0000 - 0x00007fff3c635000 	C:\Users\marco\AppData\Roaming\Code\User\globalStorage\redhat.java\1.54.0\config_win\org.eclipse.equinox.launcher\org.eclipse.equinox.launcher.win32.win32.x86_64_1.3.0.v20260203-2149\eclipse_11919.dll
0x00007fff9d6e0000 - 0x00007fff9d877000 	C:\WINDOWS\System32\ole32.dll
0x00007fff99eb0000 - 0x00007fff99ecb000 	C:\WINDOWS\SYSTEM32\CRYPTSP.dll
0x00007fff995c0000 - 0x00007fff995f9000 	C:\WINDOWS\system32\rsaenh.dll
0x00007fff99c80000 - 0x00007fff99cb3000 	C:\WINDOWS\SYSTEM32\USERENV.dll
0x00007fff9a7c0000 - 0x00007fff9a7ea000 	C:\WINDOWS\SYSTEM32\bcrypt.dll
0x00007fff99ed0000 - 0x00007fff99edc000 	C:\WINDOWS\SYSTEM32\CRYPTBASE.dll
0x00007fff99060000 - 0x00007fff99092000 	C:\WINDOWS\SYSTEM32\IPHLPAPI.DLL
0x00007fff9cfc0000 - 0x00007fff9cfca000 	C:\WINDOWS\System32\NSI.dll
0x00007fff8ae30000 - 0x00007fff8ae79000 	C:\Users\marco\AppData\Local\Temp\jna-103666250\jna1908089326788782827.dll
0x00007fff9dd30000 - 0x00007fff9dd38000 	C:\WINDOWS\System32\PSAPI.DLL
0x00007fff94470000 - 0x00007fff9448d000 	C:\WINDOWS\SYSTEM32\dhcpcsvc6.DLL
0x00007fff94440000 - 0x00007fff94465000 	C:\WINDOWS\SYSTEM32\dhcpcsvc.DLL
0x00007fff8b060000 - 0x00007fff8b06e000 	C:\Users\marco\.vscode\extensions\redhat.java-1.54.0-win32-x64\jre\21.0.10-win32-x86_64\bin\sunmscapi.dll
0x00007fff9bb80000 - 0x00007fff9bcf7000 	C:\WINDOWS\System32\CRYPT32.dll
0x00007fff9a0d0000 - 0x00007fff9a100000 	C:\WINDOWS\SYSTEM32\ncrypt.dll
0x00007fff9a080000 - 0x00007fff9a0bf000 	C:\WINDOWS\SYSTEM32\NTASN1.dll
0x00007fff8ad20000 - 0x00007fff8ad29000 	C:\Users\marco\.vscode\extensions\redhat.java-1.54.0-win32-x64\jre\21.0.10-win32-x86_64\bin\extnet.dll

JVMTI agents:
c:\Users\marco\.vscode\extensions\redhat.java-1.54.0-win32-x64\lombok\lombok-1.18.39-4050.jar path:c:\Users\marco\.vscode\extensions\redhat.java-1.54.0-win32-x64\jre\21.0.10-win32-x86_64\bin\instrument.dll, loaded, initialized, instrumentlib options:none

dbghelp: loaded successfully - version: 4.0.5 - missing functions: none
symbol engine: initialized successfully - sym options: 0x614 - pdb path: .;c:\Users\marco\.vscode\extensions\redhat.java-1.54.0-win32-x64\jre\21.0.10-win32-x86_64\bin;C:\WINDOWS\SYSTEM32;C:\WINDOWS\WinSxS\amd64_microsoft.windows.common-controls_6595b64144ccf1df_6.0.26100.8115_none_3e075c82e3354f9c;c:\Users\marco\.vscode\extensions\redhat.java-1.54.0-win32-x64\jre\21.0.10-win32-x86_64\bin\server;C:\Users\marco\AppData\Roaming\Code\User\globalStorage\redhat.java\1.54.0\config_win\org.eclipse.equinox.launcher\org.eclipse.equinox.launcher.win32.win32.x86_64_1.3.0.v20260203-2149;C:\Users\marco\AppData\Local\Temp\jna-103666250

VM Arguments:
jvm_args: --add-modules=ALL-SYSTEM --add-opens=java.base/java.util=ALL-UNNAMED --add-opens=java.base/java.lang=ALL-UNNAMED --add-opens=java.base/sun.nio.fs=ALL-UNNAMED -Declipse.application=org.eclipse.jdt.ls.core.id1 -Dosgi.bundles.defaultStartLevel=4 -Declipse.product=org.eclipse.jdt.ls.core.product -Djava.import.generatesMetadataFilesAtProjectRoot=false -DDetectVMInstallationsJob.disabled=true -Dfile.encoding=utf8 -XX:+UseParallelGC -XX:GCTimeRatio=4 -XX:AdaptiveSizePolicyWeight=90 -Dsun.zip.disableMemoryMapping=true -Xmx2G -Xms100m -Xlog:disable -javaagent:c:\Users\marco\.vscode\extensions\redhat.java-1.54.0-win32-x64\lombok\lombok-1.18.39-4050.jar -XX:+HeapDumpOnOutOfMemoryError -XX:HeapDumpPath=c:\Users\marco\AppData\Roaming\Code\User\workspaceStorage\f6402e9e255f1aea7954b7ac56db3704\redhat.java -Daether.dependencyCollector.impl=bf 
java_command: c:\Users\marco\.vscode\extensions\redhat.java-1.54.0-win32-x64\server\plugins\org.eclipse.equinox.launcher_1.7.100.v20251111-0406.jar -configuration c:\Users\marco\AppData\Roaming\Code\User\globalStorage\redhat.java\1.54.0\config_win -data c:\Users\marco\AppData\Roaming\Code\User\workspaceStorage\f6402e9e255f1aea7954b7ac56db3704\redhat.java\jdt_ws --pipe=\\.\pipe\lsp-954be0ed316fb6e343bb02d686de5e52-sock
java_class_path (initial): c:\Users\marco\.vscode\extensions\redhat.java-1.54.0-win32-x64\server\plugins\org.eclipse.equinox.launcher_1.7.100.v20251111-0406.jar
Launcher Type: SUN_STANDARD

[Global flags]
    uintx AdaptiveSizePolicyWeight                 = 90                                        {product} {command line}
     intx CICompilerCount                          = 4                                         {product} {ergonomic}
    uintx GCTimeRatio                              = 4                                         {product} {command line}
     bool HeapDumpOnOutOfMemoryError               = true                                   {manageable} {command line}
    ccstr HeapDumpPath                             = c:\Users\marco\AppData\Roaming\Code\User\workspaceStorage\f6402e9e255f1aea7954b7ac56db3704\redhat.java         {manageable} {command line}
   size_t InitialHeapSize                          = 104857600                                 {product} {command line}
   size_t MaxHeapSize                              = 2147483648                                {product} {command line}
   size_t MaxNewSize                               = 715653120                                 {product} {ergonomic}
   size_t MinHeapDeltaBytes                        = 524288                                    {product} {ergonomic}
   size_t MinHeapSize                              = 104857600                                 {product} {command line}
   size_t NewSize                                  = 34603008                                  {product} {ergonomic}
    uintx NonNMethodCodeHeapSize                   = 5839372                                {pd product} {ergonomic}
    uintx NonProfiledCodeHeapSize                  = 122909434                              {pd product} {ergonomic}
   size_t OldSize                                  = 70254592                                  {product} {ergonomic}
    uintx ProfiledCodeHeapSize                     = 122909434                              {pd product} {ergonomic}
    uintx ReservedCodeCacheSize                    = 251658240                              {pd product} {ergonomic}
     bool SegmentedCodeCache                       = true                                      {product} {ergonomic}
   size_t SoftMaxHeapSize                          = 2147483648                             {manageable} {ergonomic}
     bool UseCompressedOops                        = true                           {product lp64_product} {ergonomic}
     bool UseLargePagesIndividualAllocation        = false                                  {pd product} {ergonomic}
     bool UseParallelGC                            = true                                      {product} {command line}

Logging:
Log output configuration:
 #0: stdout all=off uptime,level,tags foldmultilines=false
 #1: stderr all=off uptime,level,tags foldmultilines=false

Release file:
JAVA_VERSION="21.0.10" 
MODULES="java.base java.compiler java.datatransfer java.xml java.prefs java.desktop java.instrument java.logging java.management java.security.sasl java.naming java.rmi java.management.rmi java.net.http java.scripting java.security.jgss java.transaction.xa java.sql java.sql.rowset java.xml.crypto java.se java.smartcardio jdk.accessibility jdk.internal.jvmstat jdk.attach jdk.charsets jdk.internal.opt jdk.zipfs jdk.compiler jdk.crypto.ec jdk.crypto.cryptoki jdk.crypto.mscapi jdk.dynalink jdk.internal.ed jdk.editpad jdk.hotspot.agent jdk.httpserver jdk.internal.le jdk.internal.vm.ci jdk.internal.vm.compiler jdk.internal.vm.compiler.management jdk.jartool jdk.javadoc jdk.jcmd jdk.management jdk.management.agent jdk.jconsole jdk.jdeps jdk.jdwp.agent jdk.jdi jdk.jfr jdk.jshell jdk.jsobject jdk.jstatd jdk.localedata jdk.management.jfr jdk.naming.dns jdk.naming.rmi jdk.net jdk.nio.mapmode jdk.random jdk.sctp jdk.security.auth jdk.security.jgss jdk.unsupported jdk.unsupported.desktop jdk.xml.dom" 

Environment Variables:
PATH=C:\Users\marco\AppData\Local\Programs\Microsoft VS Code;C:\Program Files\Common Files\Oracle\Java\javapath;C:\Users\Public\Documents\dbhomeXE\bin;C:\ProgramData\Oracle\Java\javapath;C:\WINDOWS\system32;C:\WINDOWS;C:\WINDOWS\System32\Wbem;C:\WINDOWS\System32\WindowsPowerShell\v1.0\;C:\WINDOWS\System32\OpenSSH\;C:\Program Files\Git\cmd;C:\Program Files\nodejs;C:\Program Files\Docker\Docker\resources\bin;C:\Users\marco\AppData\Local\Microsoft\WindowsApps;C:\Users\marco\AppData\Local\Programs\Microsoft VS Code\bin;C:\Users\marco\AppData\Local\spicetify;C:\Users\marco\AppData\Local\Microsoft\WindowsApps;C:\Program Files\JetBrains\IntelliJ IDEA 2025.2\bin;C:\Users\marco\AppData\Local\Programs\Windsurf\bin
USERNAME=marco
OS=Windows_NT
PROCESSOR_IDENTIFIER=AMD64 Family 23 Model 24 Stepping 1, AuthenticAMD
TMP=C:\Users\marco\AppData\Local\Temp
TEMP=C:\Users\marco\AppData\Local\Temp




Periodic native trim disabled

---------------  S Y S T E M  ---------------

OS:
 Windows 11 , 64 bit Build 26100 (10.0.26100.8246)
OS uptime: 0 days 3:42 hours

CPU: total 8 (initial active 8) (8 cores per cpu, 2 threads per core) family 23 model 24 stepping 1 microcode 0x8108102, cx8, cmov, fxsr, ht, mmx, 3dnowpref, sse, sse2, sse3, ssse3, sse4a, sse4.1, sse4.2, popcnt, lzcnt, tsc, tscinvbit, avx, avx2, aes, clmul, bmi1, bmi2, adx, sha, fma, vzeroupper, clflush, clflushopt, rdtscp, f16c
Processor Information for the first 8 processors :
  Max Mhz: 2100, Current Mhz: 2100, Mhz Limit: 2100

Memory: 4k page, system-wide physical 6057M (556M free)
TotalPageFile size 24489M (AvailPageFile size 267M)
current process WorkingSet (physical memory assigned to process): 8M, peak: 690M
current process commit charge ("private bytes"): 1472M, peak: 1505M

vm_info: OpenJDK 64-Bit Server VM (21.0.10+7-LTS) for windows-amd64 JRE (21.0.10+7-LTS), built on 2026-01-20T00:00:00Z by "admin" with MS VC++ 17.12 (VS2022)

END.
